[11:16:17.061] [INFO] storybook v10.2.10
[11:16:17.798] [DEBUG] Getting package.json info for /Users/zoro/projects/paiptree-website/package.json...
[11:16:18.229] [INFO] Starting...
[11:16:18.358] [DEBUG] Starting preview..
[11:16:18.371] [INFO] Using implicit CSS loaders
[11:16:18.499] [INFO] Using SWC as compiler
[11:16:18.607] [INFO] Using default Webpack5 setup
[11:16:18.862] [DEBUG] Using tsconfig paths for react-docgen
[11:16:24.258] [ERROR] Failed to build the preview
[11:16:24.275] [WARN] Force closed preview build
[11:16:24.276] [ERROR] [38;2;241;97;97mSB_BUILDER-WEBPACK5_0003 (WebpackCompilationError): There were problems when compiling your code with Webpack.
Run Storybook with --debug-webpack for more information.[39m
    at starter (file://./node_modules/@storybook/builder-webpack5/dist/index.js:799:11)
    at starter.next (<anonymous>)
    at Module.start (file://./node_modules/@storybook/builder-webpack5/dist/index.js:857:34)
    at process.processTicksAndRejections (node:internal/process/task_queues:104:5)
    at async storybookDevServer (file://./node_modules/storybook/dist/core-server/index.js:7241:83)
    at async buildOrThrow (file://./node_modules/storybook/dist/core-server/index.js:4504:12)
    at async buildDevStandalone (file://./node_modules/storybook/dist/core-server/index.js:7611:66)
    at async withTelemetry (file://./node_modules/storybook/dist/_node-chunks/chunk-S3MWHNYJ.js:218:12)
    at async dev (file://./node_modules/storybook/dist/bin/core.js:2734:3)
    at async _Command.<anonymous> (file://./node_modules/storybook/dist/bin/core.js:2803:92)
[11:16:24.277] [WARN] Broken build, fix the error above.
You may need to refresh the browser.